TN:
SF:src/hooks/useGlobalHotkey.ts
FNF:8
FNH:8
DA:1,44
DA:2,46
DA:9,11
DA:10,43
DA:11,58
DA:12,51
DA:14,20
DA:15,33
DA:16,13
DA:17,70
DA:18,31
DA:19,35
DA:20,11
DA:21,42
DA:22,42
DA:23,23
DA:24,64
DA:25,27
DA:26,38
DA:27,9
DA:28,36
DA:31,20
DA:32,6
DA:34,39
DA:35,11
DA:36,56
DA:37,25
DA:38,0
DA:39,0
DA:40,6
DA:44,43
DA:45,11
DA:46,67
DA:47,29
DA:48,0
DA:49,0
DA:50,6
DA:54,12
DA:55,11
DA:56,17
DA:57,14
DA:58,17
DA:59,20
DA:60,1
LF:62
LH:40
end_of_record
TN:
SF:src/test/setup.ts
FNF:1
FNH:1
DA:1,35
DA:2,57
DA:3,49
DA:4,34
DA:6,26
DA:7,33
DA:9,27
DA:10,23
DA:11,36
DA:13,17
DA:14,11
DA:15,2
LF:16
LH:12
end_of_record
